28.3.2022, 12:19:55 - INFO - Server is running on port: 3030
28.3.2022, 12:22:12 - INFO - Server is running on port: 3030
28.3.2022, 12:23:11 - INFO - Req!!!
28.3.2022, 12:52:23 - INFO - Server is running on port: 3030
28.3.2022, 12:52:28 - INFO - Req!!!
28.3.2022, 12:55:12 - INFO - Req!!!
28.3.2022, 13:18:19 - INFO - Server is running on port: 3030
28.3.2022, 13:20:01 - INFO - Server is running on port: 3030
28.3.2022, 13:20:38 - INFO - Server is running on port: 3030
28.3.2022, 13:22:05 - INFO - Server is running on port: 3030
28.3.2022, 13:22:33 - INFO - Server is running on port: 3030
28.3.2022, 13:22:45 - INFO - Server is running on port: 3030
28.3.2022, 13:23:36 - INFO - Server is running on port: 3030
28.3.2022, 13:24:53 - INFO - Server is running on port: 3030
28.3.2022, 13:25:02 - INFO - Server is running on port: 3030
28.3.2022, 13:26:28 - INFO - Server is running on port: 3030
28.3.2022, 13:27:53 - INFO - Server is running on port: 3030
28.3.2022, 17:22:27 - INFO - Server is running on port: 3030
28.3.2022, 19:11:44 - INFO - Server is running on port: 3030
28.3.2022, 19:12:01 - INFO - Req!!!
28.3.2022, 19:14:39 - INFO - Server is running on port: 3030
28.3.2022, 19:16:10 - INFO - Server is running on port: 3030
28.3.2022, 19:18:00 - INFO - Server is running on port: 3030
28.3.2022, 19:18:42 - INFO - Server is running on port: 3030
28.3.2022, 19:20:23 - INFO - Req!!!
28.3.2022, 21:22:17 - INFO - Server is running on port: 3030
28.3.2022, 21:22:22 - INFO - Server is running on port: 3030
28.3.2022, 21:22:32 - ERROR - cannot find users | {}
28.3.2022, 21:22:32 - ERROR - Failed to get users | {}
28.3.2022, 21:26:41 - ERROR - cannot find users | {}
28.3.2022, 21:26:41 - ERROR - Failed to get users | {}
28.3.2022, 21:28:17 - INFO - Server is running on port: 3030
28.3.2022, 21:28:21 - ERROR - cannot find users | {}
28.3.2022, 21:28:21 - ERROR - Failedddd to get users | {}
28.3.2022, 21:28:41 - INFO - Server is running on port: 3030
28.3.2022, 21:30:29 - INFO - Server is running on port: 3030
28.3.2022, 21:33:45 - ERROR - Failed to get user | {}
28.3.2022, 21:33:53 - ERROR - Failed to get user | {}
28.3.2022, 21:33:55 - ERROR - Failed to get user | {}
28.3.2022, 21:34:58 - INFO - Server is running on port: 3030
28.3.2022, 21:35:01 - ERROR - Failed to get user | {}
28.3.2022, 21:35:09 - ERROR - Failed to get user | {}
28.3.2022, 21:35:12 - ERROR - Failed to get user | {}
28.3.2022, 21:35:13 - ERROR - Failed to get user | {}
28.3.2022, 21:36:01 - INFO - Server is running on port: 3030
28.3.2022, 21:36:05 - ERROR - while finding user undefined | {}
28.3.2022, 21:36:05 - ERROR - Failed to get user | {}
28.3.2022, 21:36:49 - INFO - Server is running on port: 3030
28.3.2022, 21:37:10 - INFO - Server is running on port: 3030
28.3.2022, 21:37:36 - INFO - Server is running on port: 3030
28.3.2022, 21:37:40 - ERROR - while finding user undefined | {}
28.3.2022, 21:37:40 - ERROR - Failed to get user | {}
28.3.2022, 21:39:56 - INFO - Server is running on port: 3030
28.3.2022, 21:39:59 - ERROR - while finding user undefined | {}
28.3.2022, 21:39:59 - ERROR - Failed to get user | {}
28.3.2022, 21:40:07 - ERROR - while finding user undefined | {}
28.3.2022, 21:40:07 - ERROR - Failed to get user | {}
28.3.2022, 21:40:40 - ERROR - while finding user undefined | {}
28.3.2022, 21:40:40 - ERROR - Failed to get user | {}
28.3.2022, 21:40:53 - INFO - Server is running on port: 3030
28.3.2022, 21:41:36 - INFO - Server is running on port: 3030
28.3.2022, 21:41:40 - ERROR - while finding user undefined | {}
28.3.2022, 21:41:40 - ERROR - Failed to get user | {}
28.3.2022, 21:41:46 - ERROR - while finding user undefined | {}
28.3.2022, 21:41:46 - ERROR - Failed to get user | {}
28.3.2022, 21:41:56 - INFO - Server is running on port: 3030
28.3.2022, 21:42:04 - ERROR - while finding user undefined | {}
28.3.2022, 21:42:04 - ERROR - Failed to get user | {}
28.3.2022, 21:42:14 - INFO - Server is running on port: 3030
28.3.2022, 21:42:16 - ERROR - while finding user undefined | {}
28.3.2022, 21:42:16 - ERROR - Failed to get user | {}
28.3.2022, 21:43:16 - INFO - Server is running on port: 3030
28.3.2022, 21:44:09 - INFO - Server is running on port: 3030
28.3.2022, 21:49:18 - INFO - Server is running on port: 3030
28.3.2022, 22:48:13 - INFO - Server is running on port: 3030
